<?xml version="1.0" encoding="UTF-8"?>
<!-- Generated by org.testng.reporters.JUnitReportReporter -->
<testsuite hostname="AnnTreesa" failures="0" tests="3" name="testScripts.AdminUsersTest" time="10.272" errors="0" timestamp="2025-12-15T11:27:18 IST" skipped="0">
  <testcase classname="testScripts.AdminUsersTest" name="verifyWhetherUserIsAbleToResetTheList" time="2.634"/>
  <testcase classname="testScripts.AdminUsersTest" name="verifyWhetherUserIsAbleToAddNewUser" time="4.083"/>
  <testcase classname="testScripts.AdminUsersTest" name="verifyWhetherUserIsAbleToSearchNewlyAddedUser" time="3.555"/>
</testsuite> <!-- testScripts.AdminUsersTest -->
