<?xml version="1.0" encoding="UTF-8"?>
<!-- Generated by org.testng.reporters.JUnitReportReporter -->
<testsuite hostname="AnnTreesa" failures="0" tests="2" name="testScripts.HomeTest" time="7.427" errors="0" timestamp="2025-12-15T11:44:10 IST" skipped="0">
  <testcase classname="testScripts.HomeTest" name="verifyWhetherUserIsAbleToLogoutSuccessfully" time="4.862"/>
  <testcase classname="testScripts.HomeTest" name="verifyWhetherUserIsAbleToLogoutSuccessfully" time="2.565"/>
</testsuite> <!-- testScripts.HomeTest -->
