<?xml version="1.0" encoding="UTF-8"?>
<!-- Generated by org.testng.reporters.JUnitReportReporter -->
<testsuite hostname="AnnTreesa" failures="0" tests="2" name="testScripts.LoginTest" time="12.403" errors="0" timestamp="2025-12-16T20:14:15 IST" skipped="0">
  <testcase classname="testScripts.LoginTest" name="verifyWhetherUserIsAbleToLoginWithInvalidUsernameAndInvalidPassword" time="7.374"/>
  <testcase classname="testScripts.LoginTest" name="verifyWhetherUserIsAbleToLoginWithInvalidUsernameAndInvalidPassword" time="5.029"/>
</testsuite> <!-- testScripts.LoginTest -->
