<?xml version="1.0" encoding="UTF-8"?>
<testng-results ignored="0" total="1" passed="1" failed="0" skipped="0">
  <reporter-output>
  </reporter-output>
  <suite started-at="2025-11-19T21:00:44 IST" name="Default suite" finished-at="2025-11-19T21:00:47 IST" duration-ms="2823">
    <groups>
    </groups>
    <test started-at="2025-11-19T21:00:44 IST" name="Default test" finished-at="2025-11-19T21:00:47 IST" duration-ms="2823">
      <class name="TestScripts.LoginTest">
        <test-method is-config="true" signature="initializeBrowser()[pri:0, instance:TestScripts.LoginTest@3c19aaa5]" started-at="2025-11-19T21:00:44 IST" name="initializeBrowser" finished-at="2025-11-19T21:00:47 IST" duration-ms="2346" status="PASS">
          <reporter-output>
          </reporter-output>
        </test-method> <!-- initializeBrowser -->
        <test-method signature="VerifyWhetherTheUserIsAbleToLoginWithInvalidUsernameAndValidPassword()[pri:0, instance:TestScripts.LoginTest@3c19aaa5]" started-at="2025-11-19T21:00:47 IST" name="VerifyWhetherTheUserIsAbleToLoginWithInvalidUsernameAndValidPassword" finished-at="2025-11-19T21:00:47 IST" duration-ms="418" status="PASS">
          <reporter-output>
          </reporter-output>
        </test-method> <!-- VerifyWhetherTheUserIsAbleToLoginWithInvalidUsernameAndValidPassword -->
        <test-method is-config="true" signature="browserQuitAndClose()[pri:0, instance:TestScripts.LoginTest@3c19aaa5]" started-at="2025-11-19T21:00:47 IST" name="browserQuitAndClose" finished-at="2025-11-19T21:00:47 IST" duration-ms="0" status="PASS">
          <reporter-output>
          </reporter-output>
        </test-method> <!-- browserQuitAndClose -->
      </class> <!-- TestScripts.LoginTest -->
    </test> <!-- Default test -->
  </suite> <!-- Default suite -->
</testng-results>
