<?xml version="1.0" encoding="UTF-8"?>
<testng-results ignored="0" total="1" passed="1" failed="0" skipped="0">
  <reporter-output>
  </reporter-output>
  <suite started-at="2025-12-18T09:51:30 IST" name="Default suite" finished-at="2025-12-18T09:51:37 IST" duration-ms="6286">
    <groups>
    </groups>
    <test started-at="2025-12-18T09:51:30 IST" name="Default test" finished-at="2025-12-18T09:51:37 IST" duration-ms="6286">
      <class name="testScripts.ManageNewsTest">
        <test-method is-config="true" signature="initializeBrowser()[pri:0, instance:testScripts.ManageNewsTest@4d5d943d]" started-at="2025-12-18T09:51:31 IST" name="initializeBrowser" finished-at="2025-12-18T09:51:33 IST" duration-ms="2326" status="PASS">
          <reporter-output>
          </reporter-output>
        </test-method> <!-- initializeBrowser -->
        <test-method signature="verifyWhetherTheUserIsAbleToSearchNews()[pri:0, instance:testScripts.ManageNewsTest@4d5d943d]" started-at="2025-12-18T09:51:33 IST" name="verifyWhetherTheUserIsAbleToSearchNews" finished-at="2025-12-18T09:51:37 IST" duration-ms="3880" status="PASS">
          <reporter-output>
          </reporter-output>
        </test-method> <!-- verifyWhetherTheUserIsAbleToSearchNews -->
        <test-method is-config="true" signature="driverQuit(org.testng.ITestResult)[pri:0, instance:testScripts.ManageNewsTest@4d5d943d]" started-at="2025-12-18T09:51:37 IST" name="driverQuit" finished-at="2025-12-18T09:51:37 IST" duration-ms="1" status="PASS">
          <params>
            <param index="0">
              <value>
                <![CDATA[[TestResult name=verifyWhetherTheUserIsAbleToSearchNews status=SUCCESS method=ManageNewsTest.verifyWhetherTheUserIsAbleToSearchNews()[pri:0, instance:testScripts.ManageNewsTest@4d5d943d] output={null}]]]>
              </value>
            </param>
          </params>
          <reporter-output>
          </reporter-output>
        </test-method> <!-- driverQuit -->
      </class> <!-- testScripts.ManageNewsTest -->
    </test> <!-- Default test -->
  </suite> <!-- Default suite -->
</testng-results>
