<?xml version="1.0" encoding="UTF-8"?>
<testng-results ignored="0" total="2" passed="2" failed="0" skipped="0">
  <reporter-output>
  </reporter-output>
  <suite started-at="2025-12-16T20:14:00 IST" name="Suite" finished-at="2025-12-16T20:14:13 IST" duration-ms="12687">
    <groups>
      <group name="smoke">
        <method signature="LoginTest.verifyWhetherUserIsAbleToLoginWithInvalidUsernameAndInvalidPassword(java.lang.String,java.lang.String)[pri:4, instance:testScripts.LoginTest@508dec2b]" name="verifyWhetherUserIsAbleToLoginWithInvalidUsernameAndInvalidPassword" class="testScripts.LoginTest"/>
      </group> <!-- smoke -->
    </groups>
    <test started-at="2025-12-16T20:14:00 IST" name="Test" finished-at="2025-12-16T20:14:13 IST" duration-ms="12687">
      <class name="testScripts.LoginTest">
        <test-method is-config="true" signature="initializeBrowser()[pri:0, instance:testScripts.LoginTest@508dec2b]" started-at="2025-12-16T20:14:00 IST" name="initializeBrowser" finished-at="2025-12-16T20:14:06 IST" duration-ms="6099" status="PASS">
          <reporter-output>
          </reporter-output>
        </test-method> <!-- initializeBrowser -->
        <test-method signature="verifyWhetherUserIsAbleToLoginWithInvalidUsernameAndInvalidPassword(java.lang.String,java.lang.String)[pri:4, instance:testScripts.LoginTest@508dec2b]" started-at="2025-12-16T20:14:06 IST" name="verifyWhetherUserIsAbleToLoginWithInvalidUsernameAndInvalidPassword" description="Verify user can login with invalid username and invalid password" data-provider="loginProvider" finished-at="2025-12-16T20:14:08 IST" duration-ms="1270" status="PASS">
          <params>
            <param index="0">
              <value>
                <![CDATA[admin]]>
              </value>
            </param>
            <param index="1">
              <value>
                <![CDATA[admin22]]>
              </value>
            </param>
          </params>
          <reporter-output>
          </reporter-output>
        </test-method> <!-- verifyWhetherUserIsAbleToLoginWithInvalidUsernameAndInvalidPassword -->
        <test-method is-config="true" signature="driverQuit(org.testng.ITestResult)[pri:0, instance:testScripts.LoginTest@508dec2b]" started-at="2025-12-16T20:14:08 IST" name="driverQuit" finished-at="2025-12-16T20:14:08 IST" duration-ms="6" status="PASS">
          <params>
            <param index="0">
              <value>
                <![CDATA[[TestResult name=verifyWhetherUserIsAbleToLoginWithInvalidUsernameAndInvalidPassword status=SUCCESS method=LoginTest.verifyWhetherUserIsAbleToLoginWithInvalidUsernameAndInvalidPassword(java.lang.String,java.lang.String)[pri:4, instance:testScripts.LoginTest@508dec2b] output={null}]]]>
              </value>
            </param>
          </params>
          <reporter-output>
          </reporter-output>
        </test-method> <!-- driverQuit -->
        <test-method is-config="true" signature="initializeBrowser()[pri:0, instance:testScripts.LoginTest@508dec2b]" started-at="2025-12-16T20:14:08 IST" name="initializeBrowser" finished-at="2025-12-16T20:14:11 IST" duration-ms="3389" status="PASS">
          <reporter-output>
          </reporter-output>
        </test-method> <!-- initializeBrowser -->
        <test-method signature="verifyWhetherUserIsAbleToLoginWithInvalidUsernameAndInvalidPassword(java.lang.String,java.lang.String)[pri:4, instance:testScripts.LoginTest@508dec2b]" started-at="2025-12-16T20:14:11 IST" name="verifyWhetherUserIsAbleToLoginWithInvalidUsernameAndInvalidPassword" description="Verify user can login with invalid username and invalid password" data-provider="loginProvider" finished-at="2025-12-16T20:14:13 IST" duration-ms="1634" status="PASS">
          <params>
            <param index="0">
              <value>
                <![CDATA[admin123]]>
              </value>
            </param>
            <param index="1">
              <value>
                <![CDATA[123]]>
              </value>
            </param>
          </params>
          <reporter-output>
          </reporter-output>
        </test-method> <!-- verifyWhetherUserIsAbleToLoginWithInvalidUsernameAndInvalidPassword -->
        <test-method is-config="true" signature="driverQuit(org.testng.ITestResult)[pri:0, instance:testScripts.LoginTest@508dec2b]" started-at="2025-12-16T20:14:13 IST" name="driverQuit" finished-at="2025-12-16T20:14:13 IST" duration-ms="5" status="PASS">
          <params>
            <param index="0">
              <value>
                <![CDATA[[TestResult name=verifyWhetherUserIsAbleToLoginWithInvalidUsernameAndInvalidPassword status=SUCCESS method=LoginTest.verifyWhetherUserIsAbleToLoginWithInvalidUsernameAndInvalidPassword(java.lang.String,java.lang.String)[pri:4, instance:testScripts.LoginTest@508dec2b] output={null}]]]>
              </value>
            </param>
          </params>
          <reporter-output>
          </reporter-output>
        </test-method> <!-- driverQuit -->
      </class> <!-- testScripts.LoginTest -->
    </test> <!-- Test -->
  </suite> <!-- Suite -->
</testng-results>
