<?xml version="1.0" encoding="UTF-8"?>
<!-- Generated by org.testng.reporters.JUnitXMLReporter -->
<testsuite ignored="1" hostname="AnnTreesa" failures="0" tests="1" name="Default test" time="6.286" errors="0" timestamp="2025-12-18T09:51:37 IST">
  <testcase classname="testScripts.ManageNewsTest" name="verifyWhetherTheUserIsAbleToSearchNews" time="3.88"/>
  <testcase classname="testScripts.ManageNewsTest" name="verifyWhetherTheUserIsAbleToAddANews" time="0.0">
    <ignored/>
  </testcase> <!-- verifyWhetherTheUserIsAbleToAddANews -->
</testsuite> <!-- Default test -->
