<?xml version="1.0" encoding="UTF-8"?>
<!-- Generated by org.testng.reporters.JUnitXMLReporter -->
<testsuite ignored="0" hostname="AnnTreesa" failures="0" tests="4" name="Default test" time="9.962" errors="0" timestamp="2025-12-15T11:33:33 IST">
  <testcase classname="testScripts.LoginTest" name="verifyWhetherUserIsAbleToLoginWithValidcredentials" time="1.904"/>
  <testcase classname="testScripts.LoginTest" name="verifyWhetherUserIsAbleToLoginWithValidUsernameAndInvalidPassword" time="0.472"/>
  <testcase classname="testScripts.LoginTest" name="verifyWhetherUserIsAbleToLoginWithInvalidUsernameAndValidPassword" time="0.528"/>
  <testcase classname="testScripts.LoginTest" name="verifyWhetherUserIsAbleToLoginWithInvalidUsernameAndInvalidPassword" time="0.506"/>
</testsuite> <!-- Default test -->
