<?xml version="1.0" encoding="UTF-8"?>
<!-- Generated by org.testng.reporters.JUnitXMLReporter -->
<testsuite ignored="3" hostname="AnnTreesa" failures="0" tests="1" name="Default test" time="2.823" errors="0" timestamp="2025-11-19T21:00:47 IST">
  <testcase classname="TestScripts.LoginTest" name="VerifyWhetherTheUserIsAbleToLoginWithInvalidUsernameAndValidPassword" time="0.418"/>
  <testcase classname="TestScripts.LoginTest" name="VerifyWhetherTheUserIsAbleToLoginWithInvalidCredential" time="0.0">
    <ignored/>
  </testcase> <!-- VerifyWhetherTheUserIsAbleToLoginWithInvalidCredential -->
  <testcase classname="TestScripts.LoginTest" name="VerifyWhetherTheUserIsAbleToLoginWithValidUsernameAndInvalidPssword" time="0.0">
    <ignored/>
  </testcase> <!-- VerifyWhetherTheUserIsAbleToLoginWithValidUsernameAndInvalidPssword -->
  <testcase classname="TestScripts.LoginTest" name="VerifyWhetherTheUserIsAbleToLoginWithValidCredential" time="0.0">
    <ignored/>
  </testcase> <!-- VerifyWhetherTheUserIsAbleToLoginWithValidCredential -->
</testsuite> <!-- Default test -->
